===========================================================================
         ________    _________   _______       __     _________            
        |        |\ |        |\ |       \\    |  |\  /         \\          
        |    ____|| |    ____|| |    __  ||   |__|| |    ___    ||         
        |   |\___\| |   |\___\| |   |\_| ||    \_\| |   //  \   ||         
        |   ||__    |   ||__    |   ||_| ||   |  |\ |  ||    |  ||         
        |       |\  |       |\  |         \\  |  || |  ||    |  ||         
        |    ___||  |    ___||  |    ___   || |  || |  ||    |  ||         
        |   |\__\|  |   |\__\|  |   |\__|  || |  || |  ||    |  ||         
        |   ||      |   ||___   |   ||__|  || |  || |   \\__/   ||         
        |   ||      |        |\ |          || |  || |           ||         
        |___||      |________|| |_________//  |__||  \_________//          
                                                                           
      F I N I T E   E L E M E N T S   F O R   B I O M E C H A N I C S      
                                                                           
  version 4.12.0
  FEBio is a registered trademark.                                         
  copyright (c) 2006-2026 - All rights reserved                            
                                                                           
===========================================================================





 FILES USED
===========================================================================
	Input file : C:\Users\xiogo\projects\nuclear_simu\febio_exports\A_contact\run\case_A.feb
	Plot file  : C:\Users\xiogo\projects\nuclear_simu\febio_exports\A_contact\run\case_A.xplt
	Log file   : C:\Users\xiogo\projects\nuclear_simu\febio_exports\A_contact\run\case_A.log


 MESH INFO
===========================================================================
	Number of materials ............................ : 4
	Number of domains .............................. : 4
	Number of nodes ................................ : 48
	Number of solid elements ....................... : 11


 MODULE
===========================================================================
	Module type ....................................... : solid


 STEP DATA
===========================================================================
step   1 - (noname) (type: solid)
	analysis .......................................... : STATIC (0)
	time_steps ........................................ : 10
	step_size ......................................... : 0.1
	plot_zero_state ................................... : no (0)
	plot_range ........................................ : 0,-1
	plot_level ........................................ : PLOT_MAJOR_ITRS (1)
	output_level ...................................... : OUTPUT_MAJOR_ITRS (1)
	plot_stride ....................................... : 1
	output_stride ..................................... : 1
	adaptor_re_solve .................................. : yes (1)
	solver: (type: solid)
	  symmetric_stiffness ............................. : non-symmetric (0)
	  equation_scheme ................................. : staggered (0)
	  equation_order .................................. : default (0)
	  optimize_bw ..................................... : no (0)
	  lstol ........................................... : 0.9
	  lsmin ........................................... : 0.01
	  lsiter .......................................... : 5
	  ls_check_jacobians .............................. : no (0)
	  max_refs ........................................ : 15
	  check_zero_diagonal ............................. : no (0)
	  zero_diagonal_tol ............................... : 0
	  force_partition ................................. : 0
	  reform_each_time_step ........................... : yes (1)
	  reform_augment .................................. : no (0)
	  diverge_reform .................................. : yes (1)
	  min_residual .................................... : 1e-20
	  max_residual .................................... : 0
	  dtol ............................................ : 0.001
	  etol ............................................ : 0.01
	  rtol ............................................ : 0
	  rhoi ............................................ : -2
	  alpha ........................................... : 1
	  beta ............................................ : 0.25
	  gamma ........................................... : 0.5
	  logSolve ........................................ : no (0)
	  arc_length ...................................... : 0
	  arc_length_scale ................................ : 0
---------------------------------------------------------------------------
step   2 - (noname) (type: solid)
	analysis .......................................... : STATIC (0)
	time_steps ........................................ : 10
	step_size ......................................... : 0.1
	plot_zero_state ................................... : no (0)
	plot_range ........................................ : 0,-1
	plot_level ........................................ : PLOT_MAJOR_ITRS (1)
	output_level ...................................... : OUTPUT_MAJOR_ITRS (1)
	plot_stride ....................................... : 1
	output_stride ..................................... : 1
	adaptor_re_solve .................................. : yes (1)
	solver: (type: solid)
	  symmetric_stiffness ............................. : non-symmetric (0)
	  equation_scheme ................................. : staggered (0)
	  equation_order .................................. : default (0)
	  optimize_bw ..................................... : no (0)
	  lstol ........................................... : 0.9
	  lsmin ........................................... : 0.01
	  lsiter .......................................... : 5
	  ls_check_jacobians .............................. : no (0)
	  max_refs ........................................ : 15
	  check_zero_diagonal ............................. : no (0)
	  zero_diagonal_tol ............................... : 0
	  force_partition ................................. : 0
	  reform_each_time_step ........................... : yes (1)
	  reform_augment .................................. : no (0)
	  diverge_reform .................................. : yes (1)
	  min_residual .................................... : 1e-20
	  max_residual .................................... : 0
	  dtol ............................................ : 0.001
	  etol ............................................ : 0.01
	  rtol ............................................ : 0
	  rhoi ............................................ : -2
	  alpha ........................................... : 1
	  beta ............................................ : 0.25
	  gamma ........................................... : 0.5
	  logSolve ........................................ : no (0)
	  arc_length ...................................... : 0
	  arc_length_scale ................................ : 0
---------------------------------------------------------------------------
step   3 - (noname) (type: solid)
	analysis .......................................... : STATIC (0)
	time_steps ........................................ : 10
	step_size ......................................... : 0.1
	plot_zero_state ................................... : no (0)
	plot_range ........................................ : 0,-1
	plot_level ........................................ : PLOT_MAJOR_ITRS (1)
	output_level ...................................... : OUTPUT_MAJOR_ITRS (1)
	plot_stride ....................................... : 1
	output_stride ..................................... : 1
	adaptor_re_solve .................................. : yes (1)
	solver: (type: solid)
	  symmetric_stiffness ............................. : non-symmetric (0)
	  equation_scheme ................................. : staggered (0)
	  equation_order .................................. : default (0)
	  optimize_bw ..................................... : no (0)
	  lstol ........................................... : 0.9
	  lsmin ........................................... : 0.01
	  lsiter .......................................... : 5
	  ls_check_jacobians .............................. : no (0)
	  max_refs ........................................ : 15
	  check_zero_diagonal ............................. : no (0)
	  zero_diagonal_tol ............................... : 0
	  force_partition ................................. : 0
	  reform_each_time_step ........................... : yes (1)
	  reform_augment .................................. : no (0)
	  diverge_reform .................................. : yes (1)
	  min_residual .................................... : 1e-20
	  max_residual .................................... : 0
	  dtol ............................................ : 0.001
	  etol ............................................ : 0.01
	  rtol ............................................ : 0
	  rhoi ............................................ : -2
	  alpha ........................................... : 1
	  beta ............................................ : 0.25
	  gamma ........................................... : 0.5
	  logSolve ........................................ : no (0)
	  arc_length ...................................... : 0
	  arc_length_scale ................................ : 0
---------------------------------------------------------------------------
step   4 - (noname) (type: solid)
	analysis .......................................... : STATIC (0)
	time_steps ........................................ : 10
	step_size ......................................... : 0.1
	plot_zero_state ................................... : no (0)
	plot_range ........................................ : 0,-1
	plot_level ........................................ : PLOT_MAJOR_ITRS (1)
	output_level ...................................... : OUTPUT_MAJOR_ITRS (1)
	plot_stride ....................................... : 1
	output_stride ..................................... : 1
	adaptor_re_solve .................................. : yes (1)
	solver: (type: solid)
	  symmetric_stiffness ............................. : non-symmetric (0)
	  equation_scheme ................................. : staggered (0)
	  equation_order .................................. : default (0)
	  optimize_bw ..................................... : no (0)
	  lstol ........................................... : 0.9
	  lsmin ........................................... : 0.01
	  lsiter .......................................... : 5
	  ls_check_jacobians .............................. : no (0)
	  max_refs ........................................ : 15
	  check_zero_diagonal ............................. : no (0)
	  zero_diagonal_tol ............................... : 0
	  force_partition ................................. : 0
	  reform_each_time_step ........................... : yes (1)
	  reform_augment .................................. : no (0)
	  diverge_reform .................................. : yes (1)
	  min_residual .................................... : 1e-20
	  max_residual .................................... : 0
	  dtol ............................................ : 0.001
	  etol ............................................ : 0.01
	  rtol ............................................ : 0
	  rhoi ............................................ : -2
	  alpha ........................................... : 1
	  beta ............................................ : 0.25
	  gamma ........................................... : 0.5
	  logSolve ........................................ : no (0)
	  arc_length ...................................... : 0
	  arc_length_scale ................................ : 0
---------------------------------------------------------------------------
step   5 - (noname) (type: solid)
	analysis .......................................... : STATIC (0)
	time_steps ........................................ : 10
	step_size ......................................... : 0.1
	plot_zero_state ................................... : no (0)
	plot_range ........................................ : 0,-1
	plot_level ........................................ : PLOT_MAJOR_ITRS (1)
	output_level ...................................... : OUTPUT_MAJOR_ITRS (1)
	plot_stride ....................................... : 1
	output_stride ..................................... : 1
	adaptor_re_solve .................................. : yes (1)
	solver: (type: solid)
	  symmetric_stiffness ............................. : non-symmetric (0)
	  equation_scheme ................................. : staggered (0)
	  equation_order .................................. : default (0)
	  optimize_bw ..................................... : no (0)
	  lstol ........................................... : 0.9
	  lsmin ........................................... : 0.01
	  lsiter .......................................... : 5
	  ls_check_jacobians .............................. : no (0)
	  max_refs ........................................ : 15
	  check_zero_diagonal ............................. : no (0)
	  zero_diagonal_tol ............................... : 0
	  force_partition ................................. : 0
	  reform_each_time_step ........................... : yes (1)
	  reform_augment .................................. : no (0)
	  diverge_reform .................................. : yes (1)
	  min_residual .................................... : 1e-20
	  max_residual .................................... : 0
	  dtol ............................................ : 0.001
	  etol ............................................ : 0.01
	  rtol ............................................ : 0
	  rhoi ............................................ : -2
	  alpha ........................................... : 1
	  beta ............................................ : 0.25
	  gamma ........................................... : 0.5
	  logSolve ........................................ : no (0)
	  arc_length ...................................... : 0
	  arc_length_scale ................................ : 0




 MATERIAL DATA
===========================================================================
  1 - nucleus (type: neo-Hookean)
	density ........................................... : 1
	E ................................................. : 20
	v ................................................. : 0.34
---------------------------------------------------------------------------
  2 - cytoplasm (type: neo-Hookean)
	density ........................................... : 1
	E ................................................. : 7.5
	v ................................................. : 0.41
---------------------------------------------------------------------------
  3 - dish (type: neo-Hookean)
	density ........................................... : 1
	E ................................................. : 300
	v ................................................. : 0.3
---------------------------------------------------------------------------
  4 - pipette_rigid (type: rigid body)
	density ........................................... : 1
	E ................................................. : 1200
	v ................................................. : 0.25
	override_com ...................................... : yes (1)
	center_of_mass .................................... : 4.5,0,15


 RIGID BODY DATA
===========================================================================
Rigid Body 1:
	material id    : 4
	name           : pipette_rigid
	center of mass : 4.5, 0, 15
	mass           : 344.287
	Ixx Ixy Ixz    : 606265, 1.33227e-14, -45301.3
	Ixy Iyy Iyz    : 1.33227e-14, 611055, 7.67386e-13
	Ixz Iyz Izz    : -45301.3, 7.67386e-13, 4907.38


 BOUNDARY CONDITION DATA
===========================================================================
  1 -  Type: zero displacement
	x_dof ............................................. : yes (1)
	y_dof ............................................. : yes (1)
	z_dof ............................................. : yes (1)
---------------------------------------------------------------------------
  2 -  Type: zero displacement
	x_dof ............................................. : no (0)
	y_dof ............................................. : no (0)
	z_dof ............................................. : yes (1)
---------------------------------------------------------------------------
  3 -  Type: zero displacement
	x_dof ............................................. : no (0)
	y_dof ............................................. : yes (1)
	z_dof ............................................. : no (0)


 CONTACT INTERFACE DATA
===========================================================================
contact interface 1 - Type: sticky
	laugon ............................................ : PENALTY (0)
	tolerance ......................................... : 0.2
	penalty ........................................... : 13.5
	minaug ............................................ : 0
	maxaug ............................................ : 10
	search_tolerance .................................. : 2.2
	max_traction ...................................... : 14
	snap_tol .......................................... : 1.625
	flip_secondary .................................... : no (0)
	gap_offset ........................................ : 0
---------------------------------------------------------------------------
contact interface 2 - Type: sliding-elastic
	laugon ............................................ : PENALTY (0)
	tolerance ......................................... : 0.2
	gaptol ............................................ : 0
	penalty ........................................... : 12.4
	auto_penalty ...................................... : yes (1)
	update_penalty .................................... : no (0)
	two_pass .......................................... : no (0)
	knmult ............................................ : 1
	search_tol ........................................ : 2.64
	symmetric_stiffness ............................... : no (0)
	search_radius ..................................... : 16.25
	seg_up ............................................ : 0
	tension ........................................... : no (0)
	minaug ............................................ : 0
	maxaug ............................................ : 10
	node_reloc ........................................ : no (0)
	fric_coeff ........................................ : 0.091
	smooth_aug ........................................ : no (0)
	flip_primary ...................................... : no (0)
	flip_secondary .................................... : no (0)
	shell_bottom_primary .............................. : no (0)
	shell_bottom_secondary ............................ : no (0)
	offset ............................................ : 0


 LOAD CONTROLLER DATA
===========================================================================


 OUTPUT DATA
===========================================================================
 LINEAR SOLVER DATA
===========================================================================
	Default linear solver ............................. : pardiso


 *************************************************************************
 * Selecting linear solver pardiso                                       *
 *************************************************************************

===== beginning time step 1 : 0.1 =====


Reforming stiffness matrix: reformation #1

===== reforming stiffness matrix:
	Nr of equations ........................... : 50
	Nr of nonzeroes in stiffness matrix ....... : 996
 1
 Nonlinear solution status: time= 0.1
	stiffness updates             = 0
	right hand side evaluations   = 2
	stiffness matrix reformations = 1
	step from line search         = 1.000000
	convergence norms :     INITIAL         CURRENT         REQUIRED
	   residual            3.786698e+04    1.068576e+00    0.000000e+00 
	   energy              2.476404e+02    9.281043e-01    2.476404e+00 
	   displacement        4.392904e+00    4.392904e+00    4.392904e-06 
 2
 Nonlinear solution status: time= 0.1
	stiffness updates             = 1
	right hand side evaluations   = 3
	stiffness matrix reformations = 1
	step from line search         = 1.000000
	convergence norms :     INITIAL         CURRENT         REQUIRED
	   residual            3.786698e+04    2.704949e-04    0.000000e+00 
	   energy              2.476404e+02    6.329080e-05    2.476404e+00 
	   displacement        4.392904e+00    8.120507e-04    4.399439e-06 
 3
 Nonlinear solution status: time= 0.1
	stiffness updates             = 2
	right hand side evaluations   = 4
	stiffness matrix reformations = 1
	step from line search         = 1.000000
	convergence norms :     INITIAL         CURRENT         REQUIRED
	   residual            3.786698e+04    2.522498e-05    0.000000e+00 
	   energy              2.476404e+02    1.530017e-06    2.476404e+00 
	   displacement        4.392904e+00    8.842759e-05    4.401494e-06 
 4
 Nonlinear solution status: time= 0.1
	stiffness updates             = 3
	right hand side evaluations   = 5
	stiffness matrix reformations = 1
	step from line search         = 1.000000
	convergence norms :     INITIAL         CURRENT         REQUIRED
	   residual            3.786698e+04    4.352520e-09    0.000000e+00 
	   energy              2.476404e+02    3.293794e-10    2.476404e+00 
	   displacement        4.392904e+00    6.875656e-08    4.401654e-06 

convergence summary
    number of iterations   : 4
    number of reformations : 1

------- converged at time : 0.1


===== beginning time step 2 : 0.2 =====


Reforming stiffness matrix: reformation #1

===== reforming stiffness matrix:
	Nr of equations ........................... : 50
	Nr of nonzeroes in stiffness matrix ....... : 996
 1
 Nonlinear solution status: time= 0.2
	stiffness updates             = 0
	right hand side evaluations   = 2
	stiffness matrix reformations = 1
	step from line search         = 1.000000
	convergence norms :     INITIAL         CURRENT         REQUIRED
	   residual            4.352520e-09    2.179232e-23    0.000000e+00 
	   energy              1.309426e-10    5.667823e-18    1.309426e-12 
	   displacement        1.560314e-11    1.560314e-11    1.560314e-17 

 *************************************************************************
 *                               WARNING                                 *
 * No force acting on the system.                                        *
 *************************************************************************

convergence summary
    number of iterations   : 1
    number of reformations : 1

------- converged at time : 0.2


===== beginning time step 3 : 0.3 =====


Reforming stiffness matrix: reformation #1

===== reforming stiffness matrix:
	Nr of equations ........................... : 50
	Nr of nonzeroes in stiffness matrix ....... : 996
 1
 Nonlinear solution status: time= 0.3
	stiffness updates             = 0
	right hand side evaluations   = 2
	stiffness matrix reformations = 1
	step from line search         = 1.000000
	convergence norms :     INITIAL         CURRENT         REQUIRED
	   residual            2.179229e-23    1.564922e-23    0.000000e+00 
	   energy              1.704356e-24    3.036855e-26    1.704356e-26 
	   displacement        1.135127e-24    1.135127e-24    1.135127e-30 

 *************************************************************************
 *                               WARNING                                 *
 * No force acting on the system.                                        *
 *************************************************************************

convergence summary
    number of iterations   : 1
    number of reformations : 1

------- converged at time : 0.3


===== beginning time step 4 : 0.4 =====


Reforming stiffness matrix: reformation #1

===== reforming stiffness matrix:
	Nr of equations ........................... : 50
	Nr of nonzeroes in stiffness matrix ....... : 996
 1
 Nonlinear solution status: time= 0.4
	stiffness updates             = 0
	right hand side evaluations   = 2
	stiffness matrix reformations = 1
	step from line search         = 1.000000
	convergence norms :     INITIAL         CURRENT         REQUIRED
	   residual            1.564939e-23    1.153934e-23    0.000000e+00 
	   energy              2.666904e-26    4.318678e-27    2.666904e-28 
	   displacement        3.743289e-28    3.743289e-28    3.743289e-34 

 *************************************************************************
 *                               WARNING                                 *
 * No force acting on the system.                                        *
 *************************************************************************

convergence summary
    number of iterations   : 1
    number of reformations : 1

------- converged at time : 0.4


===== beginning time step 5 : 0.5 =====


Reforming stiffness matrix: reformation #1

===== reforming stiffness matrix:
	Nr of equations ........................... : 50
	Nr of nonzeroes in stiffness matrix ....... : 996
 1
 Nonlinear solution status: time= 0.5
	stiffness updates             = 0
	right hand side evaluations   = 2
	stiffness matrix reformations = 1
	step from line search         = 1.000000
	convergence norms :     INITIAL         CURRENT         REQUIRED
	   residual            1.153947e-23    7.120207e-24    0.000000e+00 
	   energy              2.117805e-26    5.757786e-27    2.117805e-28 
	   displacement        2.744140e-28    2.744140e-28    2.744140e-34 

 *************************************************************************
 *                               WARNING                                 *
 * No force acting on the system.                                        *
 *************************************************************************

convergence summary
    number of iterations   : 1
    number of reformations : 1

------- converged at time : 0.5


===== beginning time step 6 : 0.6 =====


Reforming stiffness matrix: reformation #1

===== reforming stiffness matrix:
	Nr of equations ........................... : 50
	Nr of nonzeroes in stiffness matrix ....... : 996
 1
 Nonlinear solution status: time= 0.6
	stiffness updates             = 0
	right hand side evaluations   = 2
	stiffness matrix reformations = 1
	step from line search         = 1.000000
	convergence norms :     INITIAL         CURRENT         REQUIRED
	   residual            7.120206e-24    3.409806e-24    0.000000e+00 
	   energy              1.198910e-26    2.185579e-27    1.198910e-28 
	   displacement        2.746381e-28    2.746381e-28    2.746381e-34 

 *************************************************************************
 *                               WARNING                                 *
 * No force acting on the system.                                        *
 *************************************************************************

convergence summary
    number of iterations   : 1
    number of reformations : 1

------- converged at time : 0.6


===== beginning time step 7 : 0.7 =====


Reforming stiffness matrix: reformation #1

===== reforming stiffness matrix:
	Nr of equations ........................... : 50
	Nr of nonzeroes in stiffness matrix ....... : 996
 1
 Nonlinear solution status: time= 0.7
	stiffness updates             = 0
	right hand side evaluations   = 2
	stiffness matrix reformations = 1
	step from line search         = 1.000000
	convergence norms :     INITIAL         CURRENT         REQUIRED
	   residual            3.409789e-24    1.446354e-23    0.000000e+00 
	   energy              7.370722e-27    2.526092e-27    7.370722e-29 
	   displacement        1.615905e-28    1.615905e-28    1.615905e-34 

 *************************************************************************
 *                               WARNING                                 *
 * No force acting on the system.                                        *
 *************************************************************************

convergence summary
    number of iterations   : 1
    number of reformations : 1

------- converged at time : 0.7


===== beginning time step 8 : 0.8 =====


Reforming stiffness matrix: reformation #1

===== reforming stiffness matrix:
	Nr of equations ........................... : 50
	Nr of nonzeroes in stiffness matrix ....... : 996
 1
 Nonlinear solution status: time= 0.8
	stiffness updates             = 0
	right hand side evaluations   = 2
	stiffness matrix reformations = 1
	step from line search         = 1.000000
	convergence norms :     INITIAL         CURRENT         REQUIRED
	   residual            1.447030e-23    1.164837e-23    0.000000e+00 
	   energy              1.845100e-26    1.508922e-26    1.845100e-28 
	   displacement        2.186818e-28    2.186818e-28    2.186818e-34 

 *************************************************************************
 *                               WARNING                                 *
 * No force acting on the system.                                        *
 *************************************************************************

convergence summary
    number of iterations   : 1
    number of reformations : 1

------- converged at time : 0.8


===== beginning time step 9 : 0.9 =====


Reforming stiffness matrix: reformation #1

===== reforming stiffness matrix:
	Nr of equations ........................... : 50
	Nr of nonzeroes in stiffness matrix ....... : 996
 1
 Nonlinear solution status: time= 0.9
	stiffness updates             = 0
	right hand side evaluations   = 2
	stiffness matrix reformations = 1
	step from line search         = 1.000000
	convergence norms :     INITIAL         CURRENT         REQUIRED
	   residual            1.164849e-23    1.254182e-23    0.000000e+00 
	   energy              2.129667e-26    1.650314e-26    2.129667e-28 
	   displacement        2.039090e-28    2.039090e-28    2.039090e-34 

 *************************************************************************
 *                               WARNING                                 *
 * No force acting on the system.                                        *
 *************************************************************************

convergence summary
    number of iterations   : 1
    number of reformations : 1

------- converged at time : 0.9


===== beginning time step 10 : 1 =====


Reforming stiffness matrix: reformation #1

===== reforming stiffness matrix:
	Nr of equations ........................... : 50
	Nr of nonzeroes in stiffness matrix ....... : 996
 1
 Nonlinear solution status: time= 1
	stiffness updates             = 0
	right hand side evaluations   = 2
	stiffness matrix reformations = 1
	step from line search         = 1.000000
	convergence norms :     INITIAL         CURRENT         REQUIRED
	   residual            1.254183e-23    1.064532e-23    0.000000e+00 
	   energy              2.006370e-26    1.247663e-26    2.006370e-28 
	   displacement        2.081665e-28    2.081665e-28    2.081665e-34 

 *************************************************************************
 *                               WARNING                                 *
 * No force acting on the system.                                        *
 *************************************************************************

convergence summary
    number of iterations   : 1
    number of reformations : 1

------- converged at time : 1



 N O N L I N E A R   I T E R A T I O N   I N F O R M A T I O N

	Number of time steps completed .................... : 10

	Total number of equilibrium iterations ............ : 13

	Average number of equilibrium iterations .......... : 1.3

	Total number of right hand evaluations ............ : 23

	Total number of stiffness reformations ............ : 10


 L I N E A R   S O L V E R   S T A T S

	Total calls to linear solver ........ : 13

	Avg iterations per solve ............ : 1


 *************************************************************************
 * Selecting linear solver pardiso                                       *
 *************************************************************************

===== beginning time step 1 : 1.1 =====


Reforming stiffness matrix: reformation #1

===== reforming stiffness matrix:
	Nr of equations ........................... : 50
	Nr of nonzeroes in stiffness matrix ....... : 996
 1
 Nonlinear solution status: time= 1.1
	stiffness updates             = 0
	right hand side evaluations   = 2
	stiffness matrix reformations = 1
	step from line search         = 1.000000
	convergence norms :     INITIAL         CURRENT         REQUIRED
	   residual            1.064532e-23    1.941501e-23    0.000000e+00 
	   energy              1.435179e-26    1.091106e-26    1.435179e-28 
	   displacement        1.983628e-28    1.983628e-28    1.983628e-34 

 *************************************************************************
 *                               WARNING                                 *
 * No force acting on the system.                                        *
 *************************************************************************

convergence summary
    number of iterations   : 1
    number of reformations : 1

------- converged at time : 1.1


===== beginning time step 2 : 1.2 =====


Reforming stiffness matrix: reformation #1

===== reforming stiffness matrix:
	Nr of equations ........................... : 50
	Nr of nonzeroes in stiffness matrix ....... : 996
 1
 Nonlinear solution status: time= 1.2
	stiffness updates             = 0
	right hand side evaluations   = 2
	stiffness matrix reformations = 1
	step from line search         = 1.000000
	convergence norms :     INITIAL         CURRENT         REQUIRED
	   residual            1.942157e-23    2.012978e-23    0.000000e+00 
	   energy              2.250182e-26    1.808368e-26    2.250182e-28 
	   displacement        1.992312e-28    1.992312e-28    1.992312e-34 

 *************************************************************************
 *                               WARNING                                 *
 * No force acting on the system.                                        *
 *************************************************************************

convergence summary
    number of iterations   : 1
    number of reformations : 1

------- converged at time : 1.2


===== beginning time step 3 : 1.3 =====


Reforming stiffness matrix: reformation #1

===== reforming stiffness matrix:
	Nr of equations ........................... : 50
	Nr of nonzeroes in stiffness matrix ....... : 996
 1
 Nonlinear solution status: time= 1.3
	stiffness updates             = 0
	right hand side evaluations   = 2
	stiffness matrix reformations = 1
	step from line search         = 1.000000
	convergence norms :     INITIAL         CURRENT         REQUIRED
	   residual            2.012980e-23    1.499837e-23    0.000000e+00 
	   energy              2.416949e-26    1.718269e-26    2.416949e-28 
	   displacement        2.107197e-28    2.107197e-28    2.107197e-34 

 *************************************************************************
 *                               WARNING                                 *
 * No force acting on the system.                                        *
 *************************************************************************

convergence summary
    number of iterations   : 1
    number of reformations : 1

------- converged at time : 1.3


===== beginning time step 4 : 1.4 =====


Reforming stiffness matrix: reformation #1

===== reforming stiffness matrix:
	Nr of equations ........................... : 50
	Nr of nonzeroes in stiffness matrix ....... : 996
 1
 Nonlinear solution status: time= 1.4
	stiffness updates             = 0
	right hand side evaluations   = 2
	stiffness matrix reformations = 1
	step from line search         = 1.000000
	convergence norms :     INITIAL         CURRENT         REQUIRED
	   residual            1.499717e-23    1.057968e-23    0.000000e+00 
	   energy              2.646927e-26    2.133094e-26    2.646927e-28 
	   displacement        2.464052e-28    2.464052e-28    2.464052e-34 

 *************************************************************************
 *                               WARNING                                 *
 * No force acting on the system.                                        *
 *************************************************************************

convergence summary
    number of iterations   : 1
    number of reformations : 1

------- converged at time : 1.4


===== beginning time step 5 : 1.5 =====


Reforming stiffness matrix: reformation #1

===== reforming stiffness matrix:
	Nr of equations ........................... : 50
	Nr of nonzeroes in stiffness matrix ....... : 996
 1
 Nonlinear solution status: time= 1.5
	stiffness updates             = 0
	right hand side evaluations   = 2
	stiffness matrix reformations = 1
	step from line search         = 1.000000
	convergence norms :     INITIAL         CURRENT         REQUIRED
	   residual            1.057968e-23    3.788116e-24    0.000000e+00 
	   energy              3.182978e-26    1.403381e-26    3.182978e-28 
	   displacement        4.374631e-28    4.374631e-28    4.374631e-34 

 *************************************************************************
 *                               WARNING                                 *
 * No force acting on the system.                                        *
 *************************************************************************

convergence summary
    number of iterations   : 1
    number of reformations : 1

------- converged at time : 1.5


===== beginning time step 6 : 1.6 =====


Reforming stiffness matrix: reformation #1

===== reforming stiffness matrix:
	Nr of equations ........................... : 50
	Nr of nonzeroes in stiffness matrix ....... : 996
 1
 Nonlinear solution status: time= 1.6
	stiffness updates             = 0
	right hand side evaluations   = 2
	stiffness matrix reformations = 1
	step from line search         = 1.000000
	convergence norms :     INITIAL         CURRENT         REQUIRED
	   residual            3.788385e-24    1.065302e-23    0.000000e+00 
	   energy              1.463282e-26    9.630803e-27    1.463282e-28 
	   displacement        3.625797e-28    3.625797e-28    3.625797e-34 

 *************************************************************************
 *                               WARNING                                 *
 * No force acting on the system.                                        *
 *************************************************************************

convergence summary
    number of iterations   : 1
    number of reformations : 1

------- converged at time : 1.6


===== beginning time step 7 : 1.7 =====


Reforming stiffness matrix: reformation #1

===== reforming stiffness matrix:
	Nr of equations ........................... : 50
	Nr of nonzeroes in stiffness matrix ....... : 996
 1
 Nonlinear solution status: time= 1.7
	stiffness updates             = 0
	right hand side evaluations   = 2
	stiffness matrix reformations = 1
	step from line search         = 1.000000
	convergence norms :     INITIAL         CURRENT         REQUIRED
	   residual            1.065579e-23    6.473495e-24    0.000000e+00 
	   energy              2.819164e-26    1.612112e-26    2.819164e-28 
	   displacement        4.458041e-28    4.458041e-28    4.458041e-34 

 *************************************************************************
 *                               WARNING                                 *
 * No force acting on the system.                                        *
 *************************************************************************

convergence summary
    number of iterations   : 1
    number of reformations : 1

------- converged at time : 1.7


===== beginning time step 8 : 1.8 =====


Reforming stiffness matrix: reformation #1

===== reforming stiffness matrix:
	Nr of equations ........................... : 50
	Nr of nonzeroes in stiffness matrix ....... : 996
 1
 Nonlinear solution status: time= 1.8
	stiffness updates             = 0
	right hand side evaluations   = 2
	stiffness matrix reformations = 1
	step from line search         = 1.000000
	convergence norms :     INITIAL         CURRENT         REQUIRED
	   residual            6.473531e-24    5.541477e-24    0.000000e+00 
	   energy              1.551980e-26    7.550372e-27    1.551980e-28 
	   displacement        2.512826e-28    2.512826e-28    2.512826e-34 

 *************************************************************************
 *                               WARNING                                 *
 * No force acting on the system.                                        *
 *************************************************************************

convergence summary
    number of iterations   : 1
    number of reformations : 1

------- converged at time : 1.8


===== beginning time step 9 : 1.9 =====


Reforming stiffness matrix: reformation #1

===== reforming stiffness matrix:
	Nr of equations ........................... : 50
	Nr of nonzeroes in stiffness matrix ....... : 996
 1
 Nonlinear solution status: time= 1.9
	stiffness updates             = 0
	right hand side evaluations   = 2
	stiffness matrix reformations = 1
	step from line search         = 1.000000
	convergence norms :     INITIAL         CURRENT         REQUIRED
	   residual            5.541484e-24    1.739859e-24    0.000000e+00 
	   energy              1.539644e-26    5.705086e-27    1.539644e-28 
	   displacement        2.070793e-28    2.070793e-28    2.070793e-34 

 *************************************************************************
 *                               WARNING                                 *
 * No force acting on the system.                                        *
 *************************************************************************

convergence summary
    number of iterations   : 1
    number of reformations : 1

------- converged at time : 1.9


===== beginning time step 10 : 2 =====


Reforming stiffness matrix: reformation #1

===== reforming stiffness matrix:
	Nr of equations ........................... : 50
	Nr of nonzeroes in stiffness matrix ....... : 996
 1
 Nonlinear solution status: time= 2
	stiffness updates             = 0
	right hand side evaluations   = 2
	stiffness matrix reformations = 1
	step from line search         = 1.000000
	convergence norms :     INITIAL         CURRENT         REQUIRED
	   residual            1.738380e-24    1.443201e-23    0.000000e+00 
	   energy              6.795576e-27    4.306922e-27    6.795576e-29 
	   displacement        1.569153e-28    1.569153e-28    1.569153e-34 

 *************************************************************************
 *                               WARNING                                 *
 * No force acting on the system.                                        *
 *************************************************************************

convergence summary
    number of iterations   : 1
    number of reformations : 1

------- converged at time : 2



 N O N L I N E A R   I T E R A T I O N   I N F O R M A T I O N

	Number of time steps completed .................... : 10

	Total number of equilibrium iterations ............ : 10

	Average number of equilibrium iterations .......... : 1

	Total number of right hand evaluations ............ : 20

	Total number of stiffness reformations ............ : 10


 L I N E A R   S O L V E R   S T A T S

	Total calls to linear solver ........ : 10

	Avg iterations per solve ............ : 1


 *************************************************************************
 * Selecting linear solver pardiso                                       *
 *************************************************************************

===== beginning time step 1 : 2.1 =====


Reforming stiffness matrix: reformation #1

===== reforming stiffness matrix:
	Nr of equations ........................... : 50
	Nr of nonzeroes in stiffness matrix ....... : 996
 1
 Nonlinear solution status: time= 2.1
	stiffness updates             = 0
	right hand side evaluations   = 2
	stiffness matrix reformations = 1
	step from line search         = 1.000000
	convergence norms :     INITIAL         CURRENT         REQUIRED
	   residual            4.674936e+06    9.209663e+03    0.000000e+00 
	   energy              3.034701e+04    6.783349e+02    3.034701e+02 
	   displacement        5.446390e+02    5.446390e+02    5.446390e-04 
 2
 Nonlinear solution status: time= 2.1
	stiffness updates             = 1
	right hand side evaluations   = 4
	stiffness matrix reformations = 1
	step from line search         = 0.606944
	convergence norms :     INITIAL         CURRENT         REQUIRED
	   residual            4.674936e+06    7.047663e+02    0.000000e+00 
	   energy              3.034701e+04    5.526176e+01    3.034701e+02 
	   displacement        5.446390e+02    6.202226e+01    5.759458e-04 
 3
 Nonlinear solution status: time= 2.1
	stiffness updates             = 2
	right hand side evaluations   = 5
	stiffness matrix reformations = 1
	step from line search         = 1.000000
	convergence norms :     INITIAL         CURRENT         REQUIRED
	   residual            4.674936e+06    4.331000e+01    0.000000e+00 
	   energy              3.034701e+04    1.311098e+00    3.034701e+02 
	   displacement        5.446390e+02    1.240924e+01    5.502739e-04 
 4
 Nonlinear solution status: time= 2.1
	stiffness updates             = 3
	right hand side evaluations   = 6
	stiffness matrix reformations = 1
	step from line search         = 1.000000
	convergence norms :     INITIAL         CURRENT         REQUIRED
	   residual            4.674936e+06    2.605474e+01    0.000000e+00 
	   energy              3.034701e+04    1.430771e+00    3.034701e+02 
	   displacement        5.446390e+02    1.382539e+00    5.454212e-04 
 5
 Nonlinear solution status: time= 2.1
	stiffness updates             = 4
	right hand side evaluations   = 7
	stiffness matrix reformations = 1
	step from line search         = 1.000000
	convergence norms :     INITIAL         CURRENT         REQUIRED
	   residual            4.674936e+06    3.127494e+00    0.000000e+00 
	   energy              3.034701e+04    3.289833e-01    3.034701e+02 
	   displacement        5.446390e+02    1.256227e+00    5.392942e-04 
 6
 Nonlinear solution status: time= 2.1
	stiffness updates             = 5
	right hand side evaluations   = 8
	stiffness matrix reformations = 1
	step from line search         = 1.000000
	convergence norms :     INITIAL         CURRENT         REQUIRED
	   residual            4.674936e+06    8.591938e-02    0.000000e+00 
	   energy              3.034701e+04    4.014446e-03    3.034701e+02 
	   displacement        5.446390e+02    3.171153e-02    5.370467e-04 
 7
 Nonlinear solution status: time= 2.1
	stiffness updates             = 6
	right hand side evaluations   = 9
	stiffness matrix reformations = 1
	step from line search         = 1.000000
	convergence norms :     INITIAL         CURRENT         REQUIRED
	   residual            4.674936e+06    4.072381e-03    0.000000e+00 
	   energy              3.034701e+04    1.208606e-03    3.034701e+02 
	   displacement        5.446390e+02    7.127189e-04    5.369526e-04 
 8
 Nonlinear solution status: time= 2.1
	stiffness updates             = 7
	right hand side evaluations   = 10
	stiffness matrix reformations = 1
	step from line search         = 1.000000
	convergence norms :     INITIAL         CURRENT         REQUIRED
	   residual            4.674936e+06    1.615835e-05    0.000000e+00 
	   energy              3.034701e+04    9.818151e-06    3.034701e+02 
	   displacement        5.446390e+02    5.380717e-05    5.369622e-04 

convergence summary
    number of iterations   : 8
    number of reformations : 1

------- converged at time : 2.1


===== beginning time step 2 : 2.2 =====


Reforming stiffness matrix: reformation #1

===== reforming stiffness matrix:
	Nr of equations ........................... : 50
	Nr of nonzeroes in stiffness matrix ....... : 996
 1
 Nonlinear solution status: time= 2.2
	stiffness updates             = 0
	right hand side evaluations   = 2
	stiffness matrix reformations = 1
	step from line search         = 1.000000
	convergence norms :     INITIAL         CURRENT         REQUIRED
	   residual            1.615835e-05    1.493220e-14    0.000000e+00 
	   energy              2.415489e-06    5.485757e-12    2.415489e-08 
	   displacement        5.942075e-07    5.942075e-07    5.942075e-13 
 2
 Nonlinear solution status: time= 2.2
	stiffness updates             = 1
	right hand side evaluations   = 3
	stiffness matrix reformations = 1
	step from line search         = 1.000000
	convergence norms :     INITIAL         CURRENT         REQUIRED
	   residual            1.615835e-05    1.268389e-23    0.000000e+00 
	   energy              2.415489e-06    5.284111e-21    2.415489e-08 
	   displacement        5.942075e-07    8.398866e-17    5.942017e-13 

convergence summary
    number of iterations   : 2
    number of reformations : 1

------- converged at time : 2.2


===== beginning time step 3 : 2.3 =====


Reforming stiffness matrix: reformation #1

===== reforming stiffness matrix:
	Nr of equations ........................... : 50
	Nr of nonzeroes in stiffness matrix ....... : 996
 1
 Nonlinear solution status: time= 2.3
	stiffness updates             = 0
	right hand side evaluations   = 2
	stiffness matrix reformations = 1
	step from line search         = 1.000000
	convergence norms :     INITIAL         CURRENT         REQUIRED
	   residual            1.268379e-23    1.326418e-22    0.000000e+00 
	   energy              5.879060e-25    1.323720e-26    5.879060e-27 
	   displacement        1.201389e-25    1.201389e-25    1.201389e-31 

 *************************************************************************
 *                               WARNING                                 *
 * No force acting on the system.                                        *
 *************************************************************************

convergence summary
    number of iterations   : 1
    number of reformations : 1

------- converged at time : 2.3


===== beginning time step 4 : 2.4 =====


Reforming stiffness matrix: reformation #1

===== reforming stiffness matrix:
	Nr of equations ........................... : 50
	Nr of nonzeroes in stiffness matrix ....... : 996
 1
 Nonlinear solution status: time= 2.4
	stiffness updates             = 0
	right hand side evaluations   = 2
	stiffness matrix reformations = 1
	step from line search         = 1.000000
	convergence norms :     INITIAL         CURRENT         REQUIRED
	   residual            1.326515e-22    8.673958e-23    0.000000e+00 
	   energy              1.179211e-25    8.823870e-26    1.179211e-27 
	   displacement        4.220369e-28    4.220369e-28    4.220369e-34 

 *************************************************************************
 *                               WARNING                                 *
 * No force acting on the system.                                        *
 *************************************************************************

convergence summary
    number of iterations   : 1
    number of reformations : 1

------- converged at time : 2.4


===== beginning time step 5 : 2.5 =====


Reforming stiffness matrix: reformation #1

===== reforming stiffness matrix:
	Nr of equations ........................... : 50
	Nr of nonzeroes in stiffness matrix ....... : 996
 1
 Nonlinear solution status: time= 2.5
	stiffness updates             = 0
	right hand side evaluations   = 2
	stiffness matrix reformations = 1
	step from line search         = 1.000000
	convergence norms :     INITIAL         CURRENT         REQUIRED
	   residual            8.664649e-23    6.601596e-23    0.000000e+00 
	   energy              7.806202e-26    3.370583e-26    7.806202e-28 
	   displacement        3.032561e-28    3.032561e-28    3.032561e-34 

 *************************************************************************
 *                               WARNING                                 *
 * No force acting on the system.                                        *
 *************************************************************************

convergence summary
    number of iterations   : 1
    number of reformations : 1

------- converged at time : 2.5


===== beginning time step 6 : 2.6 =====


Reforming stiffness matrix: reformation #1

===== reforming stiffness matrix:
	Nr of equations ........................... : 50
	Nr of nonzeroes in stiffness matrix ....... : 996
 1
 Nonlinear solution status: time= 2.6
	stiffness updates             = 0
	right hand side evaluations   = 2
	stiffness matrix reformations = 1
	step from line search         = 1.000000
	convergence norms :     INITIAL         CURRENT         REQUIRED
	   residual            6.601596e-23    9.719267e-23    0.000000e+00 
	   energy              7.608434e-26    7.941610e-26    7.608434e-28 
	   displacement        3.364154e-28    3.364154e-28    3.364154e-34 

 *************************************************************************
 *                               WARNING                                 *
 * No force acting on the system.                                        *
 *************************************************************************

convergence summary
    number of iterations   : 1
    number of reformations : 1

------- converged at time : 2.6


===== beginning time step 7 : 2.7 =====


Reforming stiffness matrix: reformation #1

===== reforming stiffness matrix:
	Nr of equations ........................... : 50
	Nr of nonzeroes in stiffness matrix ....... : 996
 1
 Nonlinear solution status: time= 2.7
	stiffness updates             = 0
	right hand side evaluations   = 2
	stiffness matrix reformations = 1
	step from line search         = 1.000000
	convergence norms :     INITIAL         CURRENT         REQUIRED
	   residual            9.720892e-23    2.126942e-23    0.000000e+00 
	   energy              9.842676e-26    4.304507e-26    9.842676e-28 
	   displacement        3.106570e-28    3.106570e-28    3.106570e-34 

 *************************************************************************
 *                               WARNING                                 *
 * No force acting on the system.                                        *
 *************************************************************************

convergence summary
    number of iterations   : 1
    number of reformations : 1

------- converged at time : 2.7


===== beginning time step 8 : 2.8 =====


Reforming stiffness matrix: reformation #1

===== reforming stiffness matrix:
	Nr of equations ........................... : 50
	Nr of nonzeroes in stiffness matrix ....... : 996
 1
 Nonlinear solution status: time= 2.8
	stiffness updates             = 0
	right hand side evaluations   = 2
	stiffness matrix reformations = 1
	step from line search         = 1.000000
	convergence norms :     INITIAL         CURRENT         REQUIRED
	   residual            2.126426e-23    1.737344e-23    0.000000e+00 
	   energy              2.915039e-26    1.846696e-26    2.915039e-28 
	   displacement        2.379822e-28    2.379822e-28    2.379822e-34 

 *************************************************************************
 *                               WARNING                                 *
 * No force acting on the system.                                        *
 *************************************************************************

convergence summary
    number of iterations   : 1
    number of reformations : 1

------- converged at time : 2.8


===== beginning time step 9 : 2.9 =====


Reforming stiffness matrix: reformation #1

===== reforming stiffness matrix:
	Nr of equations ........................... : 50
	Nr of nonzeroes in stiffness matrix ....... : 996
 1
 Nonlinear solution status: time= 2.9
	stiffness updates             = 0
	right hand side evaluations   = 2
	stiffness matrix reformations = 1
	step from line search         = 1.000000
	convergence norms :     INITIAL         CURRENT         REQUIRED
	   residual            1.737344e-23    1.474749e-23    0.000000e+00 
	   energy              2.901943e-26    1.968854e-26    2.901943e-28 
	   displacement        3.602378e-28    3.602378e-28    3.602378e-34 

 *************************************************************************
 *                               WARNING                                 *
 * No force acting on the system.                                        *
 *************************************************************************

convergence summary
    number of iterations   : 1
    number of reformations : 1

------- converged at time : 2.9


===== beginning time step 10 : 3 =====


Reforming stiffness matrix: reformation #1

===== reforming stiffness matrix:
	Nr of equations ........................... : 50
	Nr of nonzeroes in stiffness matrix ....... : 996
 1
 Nonlinear solution status: time= 3
	stiffness updates             = 0
	right hand side evaluations   = 2
	stiffness matrix reformations = 1
	step from line search         = 1.000000
	convergence norms :     INITIAL         CURRENT         REQUIRED
	   residual            1.474749e-23    4.841587e-23    0.000000e+00 
	   energy              2.462353e-26    2.711495e-26    2.462353e-28 
	   displacement        3.622036e-28    3.622036e-28    3.622036e-34 

 *************************************************************************
 *                               WARNING                                 *
 * No force acting on the system.                                        *
 *************************************************************************

convergence summary
    number of iterations   : 1
    number of reformations : 1

------- converged at time : 3



 N O N L I N E A R   I T E R A T I O N   I N F O R M A T I O N

	Number of time steps completed .................... : 10

	Total number of equilibrium iterations ............ : 18

	Average number of equilibrium iterations .......... : 1.8

	Total number of right hand evaluations ............ : 29

	Total number of stiffness reformations ............ : 10


 L I N E A R   S O L V E R   S T A T S

	Total calls to linear solver ........ : 18

	Avg iterations per solve ............ : 1


 *************************************************************************
 * Selecting linear solver pardiso                                       *
 *************************************************************************

===== beginning time step 1 : 3.1 =====


Reforming stiffness matrix: reformation #1

===== reforming stiffness matrix:
	Nr of equations ........................... : 50
	Nr of nonzeroes in stiffness matrix ....... : 996
 1
 Nonlinear solution status: time= 3.1
	stiffness updates             = 0
	right hand side evaluations   = 2
	stiffness matrix reformations = 1
	step from line search         = 1.000000
	convergence norms :     INITIAL         CURRENT         REQUIRED
	   residual            1.168734e+06    1.884762e-23    0.000000e+00 
	   energy              8.648640e+03    3.797920e-12    8.648640e+01 
	   displacement        5.120000e+02    5.120000e+02    5.120000e-04 

 *************************************************************************
 *                               WARNING                                 *
 * No force acting on the system.                                        *
 *************************************************************************

convergence summary
    number of iterations   : 1
    number of reformations : 1

------- converged at time : 3.1


===== beginning time step 2 : 3.2 =====


Reforming stiffness matrix: reformation #1

===== reforming stiffness matrix:
	Nr of equations ........................... : 50
	Nr of nonzeroes in stiffness matrix ....... : 996
 1
 Nonlinear solution status: time= 3.2
	stiffness updates             = 0
	right hand side evaluations   = 2
	stiffness matrix reformations = 1
	step from line search         = 1.000000
	convergence norms :     INITIAL         CURRENT         REQUIRED
	   residual            1.885235e-23    6.681962e-23    0.000000e+00 
	   energy              7.777838e-26    9.528125e-27    7.777838e-28 
	   displacement        3.085992e-26    3.085992e-26    3.085992e-32 

 *************************************************************************
 *                               WARNING                                 *
 * No force acting on the system.                                        *
 *************************************************************************

convergence summary
    number of iterations   : 1
    number of reformations : 1

------- converged at time : 3.2


===== beginning time step 3 : 3.3 =====


Reforming stiffness matrix: reformation #1

===== reforming stiffness matrix:
	Nr of equations ........................... : 50
	Nr of nonzeroes in stiffness matrix ....... : 996
 1
 Nonlinear solution status: time= 3.3
	stiffness updates             = 0
	right hand side evaluations   = 2
	stiffness matrix reformations = 1
	step from line search         = 1.000000
	convergence norms :     INITIAL         CURRENT         REQUIRED
	   residual            6.682024e-23    1.277717e-22    0.000000e+00 
	   energy              6.649915e-26    7.606518e-26    6.649915e-28 
	   displacement        4.897768e-28    4.897768e-28    4.897768e-34 

 *************************************************************************
 *                               WARNING                                 *
 * No force acting on the system.                                        *
 *************************************************************************

convergence summary
    number of iterations   : 1
    number of reformations : 1

------- converged at time : 3.3


===== beginning time step 4 : 3.4 =====


Reforming stiffness matrix: reformation #1

===== reforming stiffness matrix:
	Nr of equations ........................... : 50
	Nr of nonzeroes in stiffness matrix ....... : 996
 1
 Nonlinear solution status: time= 3.4
	stiffness updates             = 0
	right hand side evaluations   = 2
	stiffness matrix reformations = 1
	step from line search         = 1.000000
	convergence norms :     INITIAL         CURRENT         REQUIRED
	   residual            1.277709e-22    7.972482e-23    0.000000e+00 
	   energy              1.185028e-25    8.967984e-26    1.185028e-27 
	   displacement        3.600367e-28    3.600367e-28    3.600367e-34 

 *************************************************************************
 *                               WARNING                                 *
 * No force acting on the system.                                        *
 *************************************************************************

convergence summary
    number of iterations   : 1
    number of reformations : 1

------- converged at time : 3.4


===== beginning time step 5 : 3.5 =====


Reforming stiffness matrix: reformation #1

===== reforming stiffness matrix:
	Nr of equations ........................... : 50
	Nr of nonzeroes in stiffness matrix ....... : 996
 1
 Nonlinear solution status: time= 3.5
	stiffness updates             = 0
	right hand side evaluations   = 2
	stiffness matrix reformations = 1
	step from line search         = 1.000000
	convergence norms :     INITIAL         CURRENT         REQUIRED
	   residual            7.972460e-23    6.839040e-23    0.000000e+00 
	   energy              7.914811e-26    6.656030e-26    7.914811e-28 
	   displacement        3.141385e-28    3.141385e-28    3.141385e-34 

 *************************************************************************
 *                               WARNING                                 *
 * No force acting on the system.                                        *
 *************************************************************************

convergence summary
    number of iterations   : 1
    number of reformations : 1

------- converged at time : 3.5


===== beginning time step 6 : 3.6 =====


Reforming stiffness matrix: reformation #1

===== reforming stiffness matrix:
	Nr of equations ........................... : 50
	Nr of nonzeroes in stiffness matrix ....... : 996
 1
 Nonlinear solution status: time= 3.6
	stiffness updates             = 0
	right hand side evaluations   = 2
	stiffness matrix reformations = 1
	step from line search         = 1.000000
	convergence norms :     INITIAL         CURRENT         REQUIRED
	   residual            6.833291e-23    6.777094e-23    0.000000e+00 
	   energy              7.502239e-26    6.084677e-26    7.502239e-28 
	   displacement        3.886397e-28    3.886397e-28    3.886397e-34 

 *************************************************************************
 *                               WARNING                                 *
 * No force acting on the system.                                        *
 *************************************************************************

convergence summary
    number of iterations   : 1
    number of reformations : 1

------- converged at time : 3.6


===== beginning time step 7 : 3.7 =====


Reforming stiffness matrix: reformation #1

===== reforming stiffness matrix:
	Nr of equations ........................... : 50
	Nr of nonzeroes in stiffness matrix ....... : 996
 1
 Nonlinear solution status: time= 3.7
	stiffness updates             = 0
	right hand side evaluations   = 2
	stiffness matrix reformations = 1
	step from line search         = 1.000000
	convergence norms :     INITIAL         CURRENT         REQUIRED
	   residual            6.776569e-23    1.378578e-22    0.000000e+00 
	   energy              6.270710e-26    7.845008e-26    6.270710e-28 
	   displacement        2.856498e-28    2.856498e-28    2.856498e-34 

 *************************************************************************
 *                               WARNING                                 *
 * No force acting on the system.                                        *
 *************************************************************************

convergence summary
    number of iterations   : 1
    number of reformations : 1

------- converged at time : 3.7


===== beginning time step 8 : 3.8 =====


Reforming stiffness matrix: reformation #1

===== reforming stiffness matrix:
	Nr of equations ........................... : 50
	Nr of nonzeroes in stiffness matrix ....... : 996
 1
 Nonlinear solution status: time= 3.8
	stiffness updates             = 0
	right hand side evaluations   = 2
	stiffness matrix reformations = 1
	step from line search         = 1.000000
	convergence norms :     INITIAL         CURRENT         REQUIRED
	   residual            1.378656e-22    7.789834e-23    0.000000e+00 
	   energy              1.202845e-25    9.074168e-26    1.202845e-27 
	   displacement        4.320703e-28    4.320703e-28    4.320703e-34 

 *************************************************************************
 *                               WARNING                                 *
 * No force acting on the system.                                        *
 *************************************************************************

convergence summary
    number of iterations   : 1
    number of reformations : 1

------- converged at time : 3.8


===== beginning time step 9 : 3.9 =====


Reforming stiffness matrix: reformation #1

===== reforming stiffness matrix:
	Nr of equations ........................... : 50
	Nr of nonzeroes in stiffness matrix ....... : 996
 1
 Nonlinear solution status: time= 3.9
	stiffness updates             = 0
	right hand side evaluations   = 2
	stiffness matrix reformations = 1
	step from line search         = 1.000000
	convergence norms :     INITIAL         CURRENT         REQUIRED
	   residual            7.789834e-23    8.378885e-24    0.000000e+00 
	   energy              7.341926e-26    1.064739e-26    7.341926e-28 
	   displacement        5.028942e-28    5.028942e-28    5.028942e-34 

 *************************************************************************
 *                               WARNING                                 *
 * No force acting on the system.                                        *
 *************************************************************************

convergence summary
    number of iterations   : 1
    number of reformations : 1

------- converged at time : 3.9


===== beginning time step 10 : 4 =====


Reforming stiffness matrix: reformation #1

===== reforming stiffness matrix:
	Nr of equations ........................... : 50
	Nr of nonzeroes in stiffness matrix ....... : 996
 1
 Nonlinear solution status: time= 4
	stiffness updates             = 0
	right hand side evaluations   = 2
	stiffness matrix reformations = 1
	step from line search         = 1.000000
	convergence norms :     INITIAL         CURRENT         REQUIRED
	   residual            8.378866e-24    1.073830e-22    0.000000e+00 
	   energy              1.636865e-26    2.335065e-26    1.636865e-28 
	   displacement        3.015159e-28    3.015159e-28    3.015159e-34 

 *************************************************************************
 *                               WARNING                                 *
 * No force acting on the system.                                        *
 *************************************************************************

convergence summary
    number of iterations   : 1
    number of reformations : 1

------- converged at time : 4



 N O N L I N E A R   I T E R A T I O N   I N F O R M A T I O N

	Number of time steps completed .................... : 10

	Total number of equilibrium iterations ............ : 10

	Average number of equilibrium iterations .......... : 1

	Total number of right hand evaluations ............ : 20

	Total number of stiffness reformations ............ : 10


 L I N E A R   S O L V E R   S T A T S

	Total calls to linear solver ........ : 10

	Avg iterations per solve ............ : 1


 *************************************************************************
 * Selecting linear solver pardiso                                       *
 *************************************************************************

===== beginning time step 1 : 4.1 =====


Reforming stiffness matrix: reformation #1

===== reforming stiffness matrix:
	Nr of equations ........................... : 50
	Nr of nonzeroes in stiffness matrix ....... : 996
 1
 Nonlinear solution status: time= 4.1
	stiffness updates             = 0
	right hand side evaluations   = 2
	stiffness matrix reformations = 1
	step from line search         = 1.000000
	convergence norms :     INITIAL         CURRENT         REQUIRED
	   residual            3.579248e+06    2.301667e-23    0.000000e+00 
	   energy              2.648646e+04    1.846402e-11    2.648646e+02 
	   displacement        1.568000e+03    1.568000e+03    1.568000e-03 

 *************************************************************************
 *                               WARNING                                 *
 * No force acting on the system.                                        *
 *************************************************************************

convergence summary
    number of iterations   : 1
    number of reformations : 1

------- converged at time : 4.1


===== beginning time step 2 : 4.2 =====


Reforming stiffness matrix: reformation #1

===== reforming stiffness matrix:
	Nr of equations ........................... : 50
	Nr of nonzeroes in stiffness matrix ....... : 996
 1
 Nonlinear solution status: time= 4.2
	stiffness updates             = 0
	right hand side evaluations   = 2
	stiffness matrix reformations = 1
	step from line search         = 1.000000
	convergence norms :     INITIAL         CURRENT         REQUIRED
	   residual            2.301756e-23    2.713755e-23    0.000000e+00 
	   energy              7.892003e-25    2.419364e-26    7.892003e-27 
	   displacement        6.529772e-25    6.529772e-25    6.529772e-31 

 *************************************************************************
 *                               WARNING                                 *
 * No force acting on the system.                                        *
 *************************************************************************

convergence summary
    number of iterations   : 1
    number of reformations : 1

------- converged at time : 4.2


===== beginning time step 3 : 4.3 =====


Reforming stiffness matrix: reformation #1

===== reforming stiffness matrix:
	Nr of equations ........................... : 50
	Nr of nonzeroes in stiffness matrix ....... : 996
 1
 Nonlinear solution status: time= 4.3
	stiffness updates             = 0
	right hand side evaluations   = 2
	stiffness matrix reformations = 1
	step from line search         = 1.000000
	convergence norms :     INITIAL         CURRENT         REQUIRED
	   residual            2.713951e-23    7.626050e-24    0.000000e+00 
	   energy              4.430472e-26    1.291339e-26    4.430472e-28 
	   displacement        3.092901e-28    3.092901e-28    3.092901e-34 

 *************************************************************************
 *                               WARNING                                 *
 * No force acting on the system.                                        *
 *************************************************************************

convergence summary
    number of iterations   : 1
    number of reformations : 1

------- converged at time : 4.3


===== beginning time step 4 : 4.4 =====


Reforming stiffness matrix: reformation #1

===== reforming stiffness matrix:
	Nr of equations ........................... : 50
	Nr of nonzeroes in stiffness matrix ....... : 996
 1
 Nonlinear solution status: time= 4.4
	stiffness updates             = 0
	right hand side evaluations   = 2
	stiffness matrix reformations = 1
	step from line search         = 1.000000
	convergence norms :     INITIAL         CURRENT         REQUIRED
	   residual            7.627395e-24    2.812187e-23    0.000000e+00 
	   energy              2.121627e-26    1.433130e-26    2.121627e-28 
	   displacement        2.997996e-28    2.997996e-28    2.997996e-34 

 *************************************************************************
 *                               WARNING                                 *
 * No force acting on the system.                                        *
 *************************************************************************

convergence summary
    number of iterations   : 1
    number of reformations : 1

------- converged at time : 4.4


===== beginning time step 5 : 4.5 =====


Reforming stiffness matrix: reformation #1

===== reforming stiffness matrix:
	Nr of equations ........................... : 50
	Nr of nonzeroes in stiffness matrix ....... : 996
 1
 Nonlinear solution status: time= 4.5
	stiffness updates             = 0
	right hand side evaluations   = 2
	stiffness matrix reformations = 1
	step from line search         = 1.000000
	convergence norms :     INITIAL         CURRENT         REQUIRED
	   residual            2.812209e-23    8.364421e-23    0.000000e+00 
	   energy              3.512572e-26    3.686580e-26    3.512572e-28 
	   displacement        3.380375e-28    3.380375e-28    3.380375e-34 

 *************************************************************************
 *                               WARNING                                 *
 * No force acting on the system.                                        *
 *************************************************************************

convergence summary
    number of iterations   : 1
    number of reformations : 1

------- converged at time : 4.5


===== beginning time step 6 : 4.6 =====


Reforming stiffness matrix: reformation #1

===== reforming stiffness matrix:
	Nr of equations ........................... : 50
	Nr of nonzeroes in stiffness matrix ....... : 996
 1
 Nonlinear solution status: time= 4.6
	stiffness updates             = 0
	right hand side evaluations   = 2
	stiffness matrix reformations = 1
	step from line search         = 1.000000
	convergence norms :     INITIAL         CURRENT         REQUIRED
	   residual            8.380380e-23    5.426395e-23    0.000000e+00 
	   energy              1.134326e-25    6.370182e-26    1.134326e-27 
	   displacement        3.885334e-28    3.885334e-28    3.885334e-34 

 *************************************************************************
 *                               WARNING                                 *
 * No force acting on the system.                                        *
 *************************************************************************

convergence summary
    number of iterations   : 1
    number of reformations : 1

------- converged at time : 4.6


===== beginning time step 7 : 4.7 =====


Reforming stiffness matrix: reformation #1

===== reforming stiffness matrix:
	Nr of equations ........................... : 50
	Nr of nonzeroes in stiffness matrix ....... : 996
 1
 Nonlinear solution status: time= 4.7
	stiffness updates             = 0
	right hand side evaluations   = 2
	stiffness matrix reformations = 1
	step from line search         = 1.000000
	convergence norms :     INITIAL         CURRENT         REQUIRED
	   residual            5.426732e-23    4.033842e-23    0.000000e+00 
	   energy              8.908559e-26    6.189053e-26    8.908559e-28 
	   displacement        4.478177e-28    4.478177e-28    4.478177e-34 

 *************************************************************************
 *                               WARNING                                 *
 * No force acting on the system.                                        *
 *************************************************************************

convergence summary
    number of iterations   : 1
    number of reformations : 1

------- converged at time : 4.7


===== beginning time step 8 : 4.8 =====


Reforming stiffness matrix: reformation #1

===== reforming stiffness matrix:
	Nr of equations ........................... : 50
	Nr of nonzeroes in stiffness matrix ....... : 996
 1
 Nonlinear solution status: time= 4.8
	stiffness updates             = 0
	right hand side evaluations   = 2
	stiffness matrix reformations = 1
	step from line search         = 1.000000
	convergence norms :     INITIAL         CURRENT         REQUIRED
	   residual            4.033718e-23    1.043548e-23    0.000000e+00 
	   energy              5.719464e-26    4.787207e-28    5.719464e-28 
	   displacement        2.949466e-28    2.949466e-28    2.949466e-34 

 *************************************************************************
 *                               WARNING                                 *
 * No force acting on the system.                                        *
 *************************************************************************

convergence summary
    number of iterations   : 1
    number of reformations : 1

------- converged at time : 4.8


===== beginning time step 9 : 4.9 =====


Reforming stiffness matrix: reformation #1

===== reforming stiffness matrix:
	Nr of equations ........................... : 50
	Nr of nonzeroes in stiffness matrix ....... : 996
 1
 Nonlinear solution status: time= 4.9
	stiffness updates             = 0
	right hand side evaluations   = 2
	stiffness matrix reformations = 1
	step from line search         = 1.000000
	convergence norms :     INITIAL         CURRENT         REQUIRED
	   residual            1.043584e-23    8.679379e-24    0.000000e+00 
	   energy              2.081201e-26    1.501835e-26    2.081201e-28 
	   displacement        2.640910e-28    2.640910e-28    2.640910e-34 

 *************************************************************************
 *                               WARNING                                 *
 * No force acting on the system.                                        *
 *************************************************************************

convergence summary
    number of iterations   : 1
    number of reformations : 1

------- converged at time : 4.9


===== beginning time step 10 : 5 =====


Reforming stiffness matrix: reformation #1

===== reforming stiffness matrix:
	Nr of equations ........................... : 50
	Nr of nonzeroes in stiffness matrix ....... : 996
 1
 Nonlinear solution status: time= 5
	stiffness updates             = 0
	right hand side evaluations   = 2
	stiffness matrix reformations = 1
	step from line search         = 1.000000
	convergence norms :     INITIAL         CURRENT         REQUIRED
	   residual            8.679064e-24    1.250826e-23    0.000000e+00 
	   energy              2.354215e-26    1.672938e-26    2.354215e-28 
	   displacement        2.291301e-28    2.291301e-28    2.291301e-34 

 *************************************************************************
 *                               WARNING                                 *
 * No force acting on the system.                                        *
 *************************************************************************

convergence summary
    number of iterations   : 1
    number of reformations : 1

------- converged at time : 5



 N O N L I N E A R   I T E R A T I O N   I N F O R M A T I O N

	Number of time steps completed .................... : 10

	Total number of equilibrium iterations ............ : 10

	Average number of equilibrium iterations .......... : 1

	Total number of right hand evaluations ............ : 20

	Total number of stiffness reformations ............ : 10


 L I N E A R   S O L V E R   S T A T S

	Total calls to linear solver ........ : 10

	Avg iterations per solve ............ : 1



 N O N L I N E A R   I T E R A T I O N   S U M M A R Y

	Number of time steps completed .................... : 50

	Total number of equilibrium iterations ............ : 61

	Total number of right hand evaluations ............ : 112

	Total number of stiffness reformations ............ : 50

	Time in linear solver: 0:00:00

 Peak memory  : 17.7 MB

 Elapsed time : 0:00:00

 T I M I N G   I N F O R M A T I O N

	Input time ...................... : 0:00:00 (0.0121395 sec)

	Initialization time ............. : 0:00:00 (0.0030321 sec)

	Solve time ...................... : 0:00:00 (0.232041 sec)

	   IO-time (plot, dmp, data) .... : 0:00:00 (0.0490137 sec)

	   reforming stiffness .......... : 0:00:00 (0.0062864 sec)

	   evaluating stiffness ......... : 0:00:00 (0.0084917 sec)

	   evaluating residual .......... : 0:00:00 (0.0046576 sec)

	   model update ................. : 0:00:00 (0.0058144 sec)

	   QN updates ................... : 0:00:00 (9.7e-06 sec)

	   time in linear solver ........ : 0:00:00 (0.144136 sec)

	Total elapsed time .............. : 0:00:00 (0.246611 sec)


 N O R M A L   T E R M I N A T I O N

